<?xml version="1.0" encoding="UTF-8"?>
<testng-results skipped="0" failed="0" ignored="0" total="1" passed="1">
  <reporter-output>
  </reporter-output>
  <suite name="sampleCodeForLearning.NewTest" duration-ms="6457" started-at="2021-07-04T10:43:23 IST" finished-at="2021-07-04T10:43:29 IST">
    <groups>
    </groups>
    <test name="Command line test" duration-ms="6457" started-at="2021-07-04T10:43:23 IST" finished-at="2021-07-04T10:43:29 IST">
      <class name="sampleCodeForLearning.NewTest">
        <test-method status="PASS" signature="f()[pri:0, instance:sampleCodeForLearning.NewTest@6093dd95]" name="f" duration-ms="6401" started-at="2021-07-04T10:43:23 IST" finished-at="2021-07-04T10:43:29 IST">
          <reporter-output>
          </reporter-output>
        </test-method> <!-- f -->
      </class> <!-- sampleCodeForLearning.NewTest -->
    </test> <!-- Command line test -->
  </suite> <!-- sampleCodeForLearning.NewTest -->
</testng-results>
