<?xml version="1.0" encoding="UTF-8"?>
<testng-results skipped="0" failed="0" ignored="0" total="1" passed="1">
  <reporter-output>
  </reporter-output>
  <suite name="Suite" duration-ms="17062" started-at="2021-07-02T00:18:16 IST" finished-at="2021-07-02T00:18:33 IST">
    <groups>
    </groups>
    <test name="Test" duration-ms="17062" started-at="2021-07-02T00:18:16 IST" finished-at="2021-07-02T00:18:33 IST">
      <class name="sampleCodeForLearning.NewTest">
        <test-method status="PASS" signature="f()[pri:0, instance:sampleCodeForLearning.NewTest@1877ab81]" name="f" duration-ms="16730" started-at="2021-07-02T00:18:17 IST" finished-at="2021-07-02T00:18:33 IST">
          <reporter-output>
          </reporter-output>
        </test-method> <!-- f -->
      </class> <!-- sampleCodeForLearning.NewTest -->
    </test> <!-- Test -->
  </suite> <!-- Suite -->
</testng-results>
