<?xml version="1.0" encoding="UTF-8"?>
<testng-results ignored="0" total="1" passed="1" failed="0" skipped="0">
  <reporter-output>
  </reporter-output>
  <suite started-at="2021-06-30T00:11:27 IST" name="Default suite" finished-at="2021-06-30T00:11:34 IST" duration-ms="7533">
    <groups>
    </groups>
    <test started-at="2021-06-30T00:11:27 IST" name="Default test" finished-at="2021-06-30T00:11:34 IST" duration-ms="7533">
      <class name="practiceCode.SeleniumBasicCode">
        <test-method signature="run()[pri:0, instance:practiceCode.SeleniumBasicCode@cad498c]" started-at="2021-06-30T00:11:27 IST" name="run" finished-at="2021-06-30T00:11:34 IST" duration-ms="7482" status="PASS">
          <reporter-output>
          </reporter-output>
        </test-method> <!-- run -->
      </class> <!-- practiceCode.SeleniumBasicCode -->
    </test> <!-- Default test -->
  </suite> <!-- Default suite -->
</testng-results>
